<?xml version="1.0" encoding="UTF-8"?>
<!-- Generated by org.testng.reporters.JUnitXMLReporter -->
<testsuite hostname="DESKTOP-G39MIP7" ignored="0" name="Surefire test" tests="2" failures="0" timestamp="2020-02-28T00:30:32 IST" time="0.058" errors="0">
  <testcase name="shouldAnswerWithTrue on shouldAnswerWithTrue(org.example.AppTest)" time="0.006" classname="org.example.AppTest"/>
  <testcase name="myTest on myTest(test.samples.FirstTest)" time="0.001" classname="test.samples.FirstTest"/>
</testsuite> <!-- Surefire test -->
