<?xml version="1.0" encoding="UTF-8"?>
<testng-results skipped="0" failed="0" ignored="0" total="2" passed="2">
  <reporter-output>
  </reporter-output>
  <suite name="Surefire suite" duration-ms="58" started-at="2020-02-28T00:30:32 IST" finished-at="2020-02-28T00:30:32 IST">
    <groups>
    </groups>
    <test name="Surefire test" duration-ms="58" started-at="2020-02-28T00:30:32 IST" finished-at="2020-02-28T00:30:32 IST">
      <class name="test.samples.FirstTest">
        <test-method status="PASS" signature="myTest()" name="myTest" duration-ms="1" started-at="2020-02-28T00:30:32 IST" finished-at="2020-02-28T00:30:32 IST">
          <reporter-output>
          </reporter-output>
        </test-method> <!-- myTest -->
      </class> <!-- test.samples.FirstTest -->
      <class name="org.example.AppTest">
        <test-method status="PASS" signature="shouldAnswerWithTrue()" name="shouldAnswerWithTrue" duration-ms="6" started-at="2020-02-28T00:30:32 IST" finished-at="2020-02-28T00:30:32 IST">
          <reporter-output>
          </reporter-output>
        </test-method> <!-- shouldAnswerWithTrue -->
      </class> <!-- org.example.AppTest -->
    </test> <!-- Surefire test -->
  </suite> <!-- Surefire suite -->
</testng-results>
